<?xml version="1.0" encoding="UTF-8"?>
<testng-results ignored="2" total="4" passed="2" failed="0" skipped="0">
  <reporter-output>
  </reporter-output>
  <suite started-at="2023-02-20T11:50:02 IST" name="All Test Suite" finished-at="2023-02-20T11:50:24 IST" duration-ms="21810">
    <groups>
    </groups>
    <test started-at="2023-02-20T11:50:02 IST" name="testng" finished-at="2023-02-20T11:50:24 IST" duration-ms="21810">
      <class name="com.blazeclan.qa.test.testng.BaseTest">
        <test-method is-config="true" signature="setUp()[pri:0, instance:com.blazeclan.qa.test.testng.BaseTest@59474f18]" started-at="2023-02-20T11:50:02 IST" name="setUp" finished-at="2023-02-20T11:50:12 IST" duration-ms="10362" status="PASS">
          <reporter-output>
          </reporter-output>
        </test-method> <!-- setUp -->
      </class> <!-- com.blazeclan.qa.test.testng.BaseTest -->
      <class name="com.blazeclan.qa.test.testng.LogoutTest">
        <test-method signature="Logout()[pri:1, instance:com.blazeclan.qa.test.testng.LogoutTest@5b7a5baa]" started-at="2023-02-20T11:50:18 IST" name="Logout" finished-at="2023-02-20T11:50:24 IST" duration-ms="5631" status="PASS">
          <reporter-output>
          </reporter-output>
        </test-method> <!-- Logout -->
      </class> <!-- com.blazeclan.qa.test.testng.LogoutTest -->
      <class name="com.blazeclan.qa.test.testng.LoginTest">
        <test-method signature="LoginPage()[pri:1, instance:com.blazeclan.qa.test.testng.LoginTest@5bf0d49]" started-at="2023-02-20T11:50:12 IST" name="LoginPage" finished-at="2023-02-20T11:50:18 IST" duration-ms="5772" status="PASS">
          <reporter-output>
          </reporter-output>
        </test-method> <!-- LoginPage -->
      </class> <!-- com.blazeclan.qa.test.testng.LoginTest -->
    </test> <!-- testng -->
  </suite> <!-- All Test Suite -->
</testng-results>
