<?xml version="1.0" encoding="UTF-8"?>
<!-- Generated by org.testng.reporters.JUnitXMLReporter -->
<testsuite ignored="2" hostname="BCT-LTP-G1007" failures="0" tests="2" name="testng" time="21.81" errors="0" timestamp="2023-02-20T11:50:24 IST">
  <testcase classname="com.blazeclan.qa.test.testng.LoginTest" name="LoginPage" time="5.772"/>
  <testcase classname="com.blazeclan.qa.test.testng.LogoutTest" name="Logout" time="5.631"/>
  <testcase classname="com.blazeclan.qa.test.testng.BaseTest" name="@BeforeTest setUp" time="0.0">
    <ignored/>
  </testcase> <!-- @BeforeTest setUp -->
  <testcase classname="com.blazeclan.qa.test.testng.BaseTest" name="@BeforeTest setUp" time="0.0">
    <ignored/>
  </testcase> <!-- @BeforeTest setUp -->
</testsuite> <!-- testng -->
